<?xml version="1.0" encoding="UTF-8"?>
<testng-results ignored="0" total="1" passed="1" failed="0" skipped="0">
  <reporter-output>
  </reporter-output>
  <suite started-at="2024-03-18T18:15:32 CDT" name="Default suite" finished-at="2024-03-18T18:15:37 CDT" duration-ms="5565">
    <groups>
    </groups>
    <test started-at="2024-03-18T18:15:32 CDT" name="Default test" finished-at="2024-03-18T18:15:37 CDT" duration-ms="5565">
      <class name="stepdefinitions.SignupFeatureSteps">
        <test-method is-config="true" signature="BeforeMethod()[pri:0, instance:stepdefinitions.SignupFeatureSteps@470734c3]" started-at="2024-03-18T18:15:32 CDT" name="BeforeMethod" finished-at="2024-03-18T18:15:36 CDT" duration-ms="4538" status="PASS">
          <reporter-output>
          </reporter-output>
        </test-method> <!-- BeforeMethod -->
        <test-method signature="username_password()[pri:0, instance:stepdefinitions.SignupFeatureSteps@470734c3]" started-at="2024-03-18T18:15:36 CDT" name="username_password" finished-at="2024-03-18T18:15:37 CDT" duration-ms="638" status="PASS">
          <reporter-output>
          </reporter-output>
        </test-method> <!-- username_password -->
        <test-method is-config="true" signature="aftertest()[pri:0, instance:stepdefinitions.SignupFeatureSteps@470734c3]" started-at="2024-03-18T18:15:37 CDT" name="aftertest" finished-at="2024-03-18T18:15:37 CDT" duration-ms="327" status="PASS">
          <reporter-output>
          </reporter-output>
        </test-method> <!-- aftertest -->
      </class> <!-- stepdefinitions.SignupFeatureSteps -->
    </test> <!-- Default test -->
  </suite> <!-- Default suite -->
</testng-results>
